#
# A fatal error has been detected by the Java Runtime Environment:
#
#  SIGSEGV (0xb) at pc=0x000000011d427ebb, pid=3268, tid=0x0000000000000307
#
# JRE version: Java(TM) SE Runtime Environment (8.0_121-b13) (build 1.8.0_121-b13)
# Java VM: Java HotSpot(TM) 64-Bit Server VM (25.121-b13 mixed mode bsd-amd64 compressed oops)
# Problematic frame:
# C  [liblwjgl_opengl.dylib+0x11ebb]
#
# Failed to write core dump. Core dumps have been disabled. To enable core dumping, try "ulimit -c unlimited" before starting Java again
#
# If you would like to submit a bug report, please visit:
#   http://bugreport.java.com/bugreport/crash.jsp
# The crash happened outside the Java Virtual Machine in native code.
# See problematic frame for where to report the bug.
#

---------------  T H R E A D  ---------------

Current thread (0x00007fa132002000):  JavaThread "main" [_thread_in_native, id=775, stack(0x00007fff586d5000,0x00007fff58ed5000)]

siginfo: si_signo: 11 (SIGSEGV), si_code: 1 (SEGV_MAPERR), si_addr: 0x0000000000000f18

Registers:
RAX=0x0000000000000000, RBX=0x000000011a3ace58, RCX=0x00007fa1328d55fc, RDX=0x0000000000000001
RSP=0x00007fff58ed1d90, RBP=0x00007fff58ed1d90, RSI=0x00007fff58ed1e10, RDI=0x00007fa1320021f8
R8 =0x0000000108a032a7, R9 =0x00000000fffffff0, R10=0x00000001089b99c8, R11=0x0000000107ee4067
R12=0x0000000000000000, R13=0x000000011a3ace58, R14=0x00007fff58ed1e30, R15=0x00007fa132002000
RIP=0x000000011d427ebb, EFLAGS=0x0000000000010212, ERR=0x0000000000000004
  TRAPNO=0x000000000000000e

Top of Stack: (sp=0x00007fff58ed1d90)
0x00007fff58ed1d90:   00007fff58ed1e00 00000001089b99f4
0x00007fff58ed1da0:   00007fff58ed1e00 00000001089b9779
0x00007fff58ed1db0:   00000001089c59a3 00000001089b9742
0x00007fff58ed1dc0:   00007fff58ed1dc0 000000011a3ace58
0x00007fff58ed1dd0:   00007fff58ed1e30 000000011a3af568
0x00007fff58ed1de0:   0000000000000000 000000011a3ace58
0x00007fff58ed1df0:   0000000000000000 00007fff58ed1e20
0x00007fff58ed1e00:   00007fff58ed1e78 00000001089aa2bd
0x00007fff58ed1e10:   00000007aace8008 00000001089b3538
0x00007fff58ed1e20:   00007fa1328d55fc 00000007aaea2e50
0x00007fff58ed1e30:   0000000000000001 00007fff58ed1e38
0x00007fff58ed1e40:   000000011a3acfac 00007fff58ed1ea8
0x00007fff58ed1e50:   000000011a3af568 0000000000000000
0x00007fff58ed1e60:   000000011a3ad010 00007fff58ed1e20
0x00007fff58ed1e70:   00007fff58ed1eb0 00007fff58ed1ef8
0x00007fff58ed1e80:   00000001089a9d00 0000000000000000
0x00007fff58ed1e90:   0000000000000000 00000007aaea2e50
0x00007fff58ed1ea0:   0000000000008000 00000007aae90588
0x00007fff58ed1eb0:   00000007aabf8600 00007fff58ed1eb8
0x00007fff58ed1ec0:   000000011a369a69 00007fff58ed1f10
0x00007fff58ed1ed0:   000000011a369cb0 0000000000000000
0x00007fff58ed1ee0:   000000011a369b00 00007fff58ed1eb0
0x00007fff58ed1ef0:   00007fff58ed1f10 00007fff58ed1f58
0x00007fff58ed1f00:   00000001089aa2bd 0000000000000000
0x00007fff58ed1f10:   00000007aabf8600 00007fff58ed1f18
0x00007fff58ed1f20:   000000011a368bfb 00007fff58ed1f88
0x00007fff58ed1f30:   000000011a36a118 0000000000000000
0x00007fff58ed1f40:   000000011a368c78 00007fff58ed1f10
0x00007fff58ed1f50:   00007fff58ed1f88 00007fff58ed1fd8
0x00007fff58ed1f60:   00000001089aa2bd 0000000000000003
0x00007fff58ed1f70:   0000000000000006 00000007aaccd780
0x00007fff58ed1f80:   00000007aaccd760 00000007aabf8600 

Instructions: (pc=0x000000011d427ebb)
0x000000011d427e9b:   48 8b 80 f0 09 00 00 89 d7 48 89 ce 5d ff e0 66
0x000000011d427eab:   0f 1f 44 00 00 55 48 89 e5 48 8b 07 48 8b 40 18
0x000000011d427ebb:   48 8b 80 18 0f 00 00 89 d7 48 89 ce 5d ff e0 66
0x000000011d427ecb:   0f 1f 44 00 00 55 48 89 e5 48 8b 07 48 8b 40 18 

Register to memory mapping:

RAX=0x0000000000000000 is an unknown value
RBX={method} {0x000000011a3ace58} 'nglGenVertexArrays' '(IJ)V' in 'org/lwjgl/opengl/GL30'
RCX=0x00007fa1328d55fc is an unknown value
RDX=0x0000000000000001 is an unknown value
RSP=0x00007fff58ed1d90 is pointing into the stack for thread: 0x00007fa132002000
RBP=0x00007fff58ed1d90 is pointing into the stack for thread: 0x00007fa132002000
RSI=0x00007fff58ed1e10 is pointing into the stack for thread: 0x00007fa132002000
RDI=0x00007fa1320021f8 is an unknown value
R8 =0x0000000108a032a7 is at code_begin+7 in 
[CodeBlob (0x0000000108a03250)]
Framesize: 0
BufferBlob (0x0000000108a03250) used for Signature Handler Temp Buffer
R9 =0x00000000fffffff0 is an unknown value
R10=0x00000001089b99c8 is at code_begin+808 in an Interpreter codelet
method entry point (kind = native)  [0x00000001089b96a0, 0x00000001089b9fa0]  2304 bytes
R11=0x0000000107ee4067: throw_unsatisfied_link_error+0 in /Library/Java/JavaVirtualMachines/jdk1.8.0_121.jdk/Contents/Home/jre/lib/server/libjvm.dylib at 0x0000000107a00000
R12=0x0000000000000000 is an unknown value
R13={method} {0x000000011a3ace58} 'nglGenVertexArrays' '(IJ)V' in 'org/lwjgl/opengl/GL30'
R14=0x00007fff58ed1e30 is pointing into the stack for thread: 0x00007fa132002000
R15=0x00007fa132002000 is a thread


Stack: [0x00007fff586d5000,0x00007fff58ed5000],  sp=0x00007fff58ed1d90,  free space=8179k
Native frames: (J=compiled Java code, j=interpreted, Vv=VM code, C=native code)
C  [liblwjgl_opengl.dylib+0x11ebb]
j  org.lwjgl.opengl.GL30.nglGenVertexArrays(IJ)V+0
j  org.lwjgl.opengl.GL30.glGenVertexArrays()I+20
j  Shape2D.makeBuffers()V+1
j  Triangle.<init>()V+123
j  SceneMaker.<init>()V+19
j  P0.main([Ljava/lang/String;)V+3
v  ~StubRoutines::call_stub
V  [libjvm.dylib+0x2ed9d6]
V  [libjvm.dylib+0x3247ce]
V  [libjvm.dylib+0x31d545]
C  [java+0x3931]  JavaMain+0x9c4
C  [java+0x5590]  -[JavaLaunchHelper launchJava:]+0x2a
C  [Foundation+0x7188a]  __NSThreadPerformPerform+0x146
C  [CoreFoundation+0xa7981]  __CFRUNLOOP_IS_CALLING_OUT_TO_A_SOURCE0_PERFORM_FUNCTION__+0x11
C  [CoreFoundation+0x88a7d]  __CFRunLoopDoSources0+0x22d
C  [CoreFoundation+0x87f76]  __CFRunLoopRun+0x3a6
C  [CoreFoundation+0x87974]  CFRunLoopRunSpecific+0x1a4
C  [java+0x6465]  CreateExecutionEnvironment+0x367
C  [java+0x218c]  JLI_Launch+0x7a0
C  [java+0x84c2]  main+0x65
C  [java+0x19e4]  start+0x34
C  0x0000000000000007

Java frames: (J=compiled Java code, j=interpreted, Vv=VM code)
j  org.lwjgl.opengl.GL30.nglGenVertexArrays(IJ)V+0
j  org.lwjgl.opengl.GL30.glGenVertexArrays()I+20
j  Shape2D.makeBuffers()V+1
j  Triangle.<init>()V+123
j  SceneMaker.<init>()V+19
j  P0.main([Ljava/lang/String;)V+3
v  ~StubRoutines::call_stub

---------------  P R O C E S S  ---------------

Java Threads: ( => current thread )
  0x00007fa133007000 JavaThread "Service Thread" daemon [_thread_blocked, id=17923, stack(0x000070000eca5000,0x000070000eda5000)]
  0x00007fa133000800 JavaThread "C1 CompilerThread2" daemon [_thread_blocked, id=17411, stack(0x000070000eba2000,0x000070000eca2000)]
  0x00007fa133803000 JavaThread "C2 CompilerThread1" daemon [_thread_blocked, id=16899, stack(0x000070000ea9f000,0x000070000eb9f000)]
  0x00007fa13282a800 JavaThread "C2 CompilerThread0" daemon [_thread_blocked, id=16387, stack(0x000070000e99c000,0x000070000ea9c000)]
  0x00007fa13281d000 JavaThread "Signal Dispatcher" daemon [_thread_blocked, id=15879, stack(0x000070000e899000,0x000070000e999000)]
  0x00007fa132812000 JavaThread "Finalizer" daemon [_thread_blocked, id=12291, stack(0x000070000e796000,0x000070000e896000)]
  0x00007fa13280f000 JavaThread "Reference Handler" daemon [_thread_blocked, id=11779, stack(0x000070000e693000,0x000070000e793000)]
=>0x00007fa132002000 JavaThread "main" [_thread_in_native, id=775, stack(0x00007fff586d5000,0x00007fff58ed5000)]

Other Threads:
  0x00007fa13280a800 VMThread [stack: 0x000070000e590000,0x000070000e690000] [id=11267]
  0x00007fa13207b800 WatcherThread [stack: 0x000070000eda8000,0x000070000eea8000] [id=18435]

VM state:not at safepoint (normal execution)

VM Mutex/Monitor currently owned by a thread: None

Heap:
 PSYoungGen      total 18944K, used 3992K [0x00000007aab00000, 0x00000007ac000000, 0x00000007c0000000)
  eden space 16384K, 24% used [0x00000007aab00000,0x00000007aaee6330,0x00000007abb00000)
  from space 2560K, 0% used [0x00000007abd80000,0x00000007abd80000,0x00000007ac000000)
  to   space 2560K, 0% used [0x00000007abb00000,0x00000007abb00000,0x00000007abd80000)
 ParOldGen       total 44032K, used 0K [0x0000000780000000, 0x0000000782b00000, 0x00000007aab00000)
  object space 44032K, 0% used [0x0000000780000000,0x0000000780000000,0x0000000782b00000)
 Metaspace       used 4805K, capacity 5200K, committed 5504K, reserved 1056768K
  class space    used 522K, capacity 568K, committed 640K, reserved 1048576K

Card table byte_map: [0x0000000106dfe000,0x0000000106fff000] byte_map_base: 0x00000001031fe000

Marking Bits: (ParMarkBitMap*) 0x00000001082f0d30
 Begin Bits: [0x0000000117d62000, 0x0000000118d62000)
 End Bits:   [0x0000000118d62000, 0x0000000119d62000)

Polling page: 0x0000000106dec000

CodeCache: size=245760Kb used=1589Kb max_used=1601Kb free=244171Kb
 bounds [0x00000001089a2000, 0x0000000108c12000, 0x00000001179a2000]
 total_blobs=570 nmethods=262 adapters=222
 compilation: enabled

Compilation events (10 events):
Event: 0.238 Thread 0x00007fa133000800  258       1       java.net.URLClassLoader::access$000 (5 bytes)
Event: 0.238 Thread 0x00007fa133000800 nmethod 258 0x0000000108b2d610 code [0x0000000108b2d760, 0x0000000108b2d850]
Event: 0.238 Thread 0x00007fa133000800  259       3       java.nio.charset.CharsetEncoder::maxBytesPerChar (5 bytes)
Event: 0.238 Thread 0x00007fa133000800 nmethod 259 0x0000000108b2d8d0 code [0x0000000108b2da20, 0x0000000108b2db70]
Event: 0.238 Thread 0x00007fa133000800  260       3       java.lang.StringCoding::deref (19 bytes)
Event: 0.239 Thread 0x00007fa133000800 nmethod 260 0x0000000108b2dbd0 code [0x0000000108b2dd60, 0x0000000108b2e208]
Event: 0.239 Thread 0x00007fa133000800  261       3       java.lang.StringCoding::access$000 (6 bytes)
Event: 0.239 Thread 0x00007fa133000800 nmethod 261 0x0000000108b2e350 code [0x0000000108b2e4c0, 0x0000000108b2e670]
Event: 0.239 Thread 0x00007fa133000800  262       3       java.util.zip.Inflater::ensureOpen (47 bytes)
Event: 0.239 Thread 0x00007fa133000800 nmethod 262 0x0000000108b2e710 code [0x0000000108b2e8a0, 0x0000000108b2eb88]

GC Heap History (0 events):
No events

Deoptimization events (0 events):
No events

Internal exceptions (8 events):
Event: 0.041 Thread 0x00007fa132002000 Exception <a 'java/lang/NoSuchMethodError': Method sun.misc.Unsafe.defineClass(Ljava/lang/String;[BII)Ljava/lang/Class; name or signature does not match> (0x00000007aab07ca8) thrown at [/Users/java_re/workspace/8-2-build-macosx-x86_64/jdk8u121/8372/hotspo
Event: 0.041 Thread 0x00007fa132002000 Exception <a 'java/lang/NoSuchMethodError': Method sun.misc.Unsafe.prefetchRead(Ljava/lang/Object;J)V name or signature does not match> (0x00000007aab07f90) thrown at [/Users/java_re/workspace/8-2-build-macosx-x86_64/jdk8u121/8372/hotspot/src/share/vm/pri
Event: 0.149 Thread 0x00007fa132002000 Exception <a 'java/security/PrivilegedActionException'> (0x00000007aac7f8d8) thrown at [/Users/java_re/workspace/8-2-build-macosx-x86_64/jdk8u121/8372/hotspot/src/share/vm/prims/jvm.cpp, line 1390]
Event: 0.149 Thread 0x00007fa132002000 Exception <a 'java/security/PrivilegedActionException'> (0x00000007aac7fae8) thrown at [/Users/java_re/workspace/8-2-build-macosx-x86_64/jdk8u121/8372/hotspot/src/share/vm/prims/jvm.cpp, line 1390]
Event: 0.150 Thread 0x00007fa132002000 Exception <a 'java/security/PrivilegedActionException'> (0x00000007aac82e18) thrown at [/Users/java_re/workspace/8-2-build-macosx-x86_64/jdk8u121/8372/hotspot/src/share/vm/prims/jvm.cpp, line 1390]
Event: 0.150 Thread 0x00007fa132002000 Exception <a 'java/security/PrivilegedActionException'> (0x00000007aac83028) thrown at [/Users/java_re/workspace/8-2-build-macosx-x86_64/jdk8u121/8372/hotspot/src/share/vm/prims/jvm.cpp, line 1390]
Event: 0.212 Thread 0x00007fa132002000 Exception <a 'java/lang/NoSuchFieldError': method resolution failed> (0x00000007aae0aa20) thrown at [/Users/java_re/workspace/8-2-build-macosx-x86_64/jdk8u121/8372/hotspot/src/share/vm/prims/methodHandles.cpp, line 1146]
Event: 0.214 Thread 0x00007fa132002000 Exception <a 'java/lang/NoSuchFieldError': method resolution failed> (0x00000007aae17da0) thrown at [/Users/java_re/workspace/8-2-build-macosx-x86_64/jdk8u121/8372/hotspot/src/share/vm/prims/methodHandles.cpp, line 1146]

Events (10 events):
Event: 0.235 loading class org/lwjgl/BufferUtils
Event: 0.235 loading class org/lwjgl/BufferUtils done
Event: 0.236 loading class org/lwjgl/system/macosx/CoreFoundation
Event: 0.236 loading class org/lwjgl/system/macosx/CoreFoundation done
Event: 0.238 loading class org/lwjgl/opengl/GL$3
Event: 0.238 loading class org/lwjgl/opengl/GL$3 done
Event: 0.238 loading class org/lwjgl/opengl/GL$SharedLibraryGL
Event: 0.238 loading class org/lwjgl/opengl/GL$SharedLibraryGL done
Event: 0.238 loading class org/lwjgl/system/SharedLibrary$Delegate
Event: 0.238 loading class org/lwjgl/system/SharedLibrary$Delegate done


Dynamic libraries:
0x00000000467db000 	/System/Library/Frameworks/Cocoa.framework/Versions/A/Cocoa
0x00000000467db000 	/System/Library/Frameworks/Security.framework/Versions/A/Security
0x00000000467db000 	/System/Library/Frameworks/ApplicationServices.framework/Versions/A/ApplicationServices
0x00000000467db000 	/usr/lib/libz.1.dylib
0x00000000467db000 	/usr/lib/libSystem.B.dylib
0x00000000467db000 	/usr/lib/libobjc.A.dylib
0x00000000467db000 	/System/Library/Frameworks/CoreFoundation.framework/Versions/A/CoreFoundation
0x00000000467db000 	/System/Library/Frameworks/Foundation.framework/Versions/C/Foundation
0x00000000467db000 	/System/Library/Frameworks/AppKit.framework/Versions/C/AppKit
0x00000000467db000 	/System/Library/Frameworks/CoreData.framework/Versions/A/CoreData
0x00000000467db000 	/System/Library/PrivateFrameworks/RemoteViewServices.framework/Versions/A/RemoteViewServices
0x00000000467db000 	/System/Library/PrivateFrameworks/UIFoundation.framework/Versions/A/UIFoundation
0x00000000467db000 	/System/Library/PrivateFrameworks/DFRFoundation.framework/Versions/A/DFRFoundation
0x00000000467db000 	/usr/lib/libenergytrace.dylib
0x00000000467db000 	/System/Library/PrivateFrameworks/SkyLight.framework/Versions/A/SkyLight
0x00000000467db000 	/System/Library/Frameworks/CoreGraphics.framework/Versions/A/CoreGraphics
0x00000000467db000 	/usr/lib/libScreenReader.dylib
0x00000000467db000 	/System/Library/Frameworks/Accelerate.framework/Versions/A/Accelerate
0x00000000467db000 	/System/Library/Frameworks/IOSurface.framework/Versions/A/IOSurface
0x00000000467db000 	/System/Library/Frameworks/AudioToolbox.framework/Versions/A/AudioToolbox
0x00000000467db000 	/System/Library/Frameworks/AudioUnit.framework/Versions/A/AudioUnit
0x00000000467db000 	/System/Library/PrivateFrameworks/DataDetectorsCore.framework/Versions/A/DataDetectorsCore
0x00000000467db000 	/System/Library/PrivateFrameworks/DesktopServicesPriv.framework/Versions/A/DesktopServicesPriv
0x00000000467db000 	/System/Library/Frameworks/Carbon.framework/Versions/A/Frameworks/HIToolbox.framework/Versions/A/HIToolbox
0x00000000467db000 	/usr/lib/libicucore.A.dylib
0x00000000467db000 	/System/Library/Frameworks/QuartzCore.framework/Versions/A/QuartzCore
0x00000000467db000 	/System/Library/Frameworks/Carbon.framework/Versions/A/Frameworks/SpeechRecognition.framework/Versions/A/SpeechRecognition
0x00000000467db000 	/usr/lib/libauto.dylib
0x00000000467db000 	/usr/lib/libxml2.2.dylib
0x00000000467db000 	/System/Library/PrivateFrameworks/CoreUI.framework/Versions/A/CoreUI
0x00000000467db000 	/System/Library/Frameworks/CoreAudio.framework/Versions/A/CoreAudio
0x00000000467db000 	/System/Library/Frameworks/DiskArbitration.framework/Versions/A/DiskArbitration
0x00000000467db000 	/usr/lib/liblangid.dylib
0x00000000467db000 	/System/Library/PrivateFrameworks/MultitouchSupport.framework/Versions/A/MultitouchSupport
0x00000000467db000 	/System/Library/Frameworks/IOKit.framework/Versions/A/IOKit
0x00000000467db000 	/usr/lib/libDiagnosticMessagesClient.dylib
0x00000000467db000 	/System/Library/Frameworks/CoreServices.framework/Versions/A/CoreServices
0x00000000467db000 	/System/Library/PrivateFrameworks/PerformanceAnalysis.framework/Versions/A/PerformanceAnalysis
0x00000000467db000 	/System/Library/PrivateFrameworks/GenerationalStorage.framework/Versions/A/GenerationalStorage
0x00000000467db000 	/System/Library/Frameworks/OpenGL.framework/Versions/A/OpenGL
0x00000000467db000 	/System/Library/Frameworks/CoreImage.framework/Versions/A/CoreImage
0x00000000467db000 	/System/Library/Frameworks/CoreText.framework/Versions/A/CoreText
0x00000000467db000 	/System/Library/Frameworks/ImageIO.framework/Versions/A/ImageIO
0x00000000467db000 	/System/Library/PrivateFrameworks/Backup.framework/Versions/A/Backup
0x00000000467db000 	/usr/lib/libarchive.2.dylib
0x00000000467db000 	/System/Library/Frameworks/CFNetwork.framework/Versions/A/CFNetwork
0x00000000467db000 	/System/Library/Frameworks/SystemConfiguration.framework/Versions/A/SystemConfiguration
0x00000000467db000 	/usr/lib/libCRFSuite.dylib
0x00000000467db000 	/usr/lib/libc++.1.dylib
0x00000000467db000 	/usr/lib/libc++abi.dylib
0x00000000467db000 	/usr/lib/system/libcache.dylib
0x00000000467db000 	/usr/lib/system/libcommonCrypto.dylib
0x00000000467db000 	/usr/lib/system/libcompiler_rt.dylib
0x00000000467db000 	/usr/lib/system/libcopyfile.dylib
0x00000000467db000 	/usr/lib/system/libcorecrypto.dylib
0x00000000467db000 	/usr/lib/system/libdispatch.dylib
0x00000000467db000 	/usr/lib/system/libdyld.dylib
0x00000000467db000 	/usr/lib/system/libkeymgr.dylib
0x00000000467db000 	/usr/lib/system/liblaunch.dylib
0x00000000467db000 	/usr/lib/system/libmacho.dylib
0x00000000467db000 	/usr/lib/system/libquarantine.dylib
0x00000000467db000 	/usr/lib/system/libremovefile.dylib
0x00000000467db000 	/usr/lib/system/libsystem_asl.dylib
0x00000000467db000 	/usr/lib/system/libsystem_blocks.dylib
0x00000000467db000 	/usr/lib/system/libsystem_c.dylib
0x00000000467db000 	/usr/lib/system/libsystem_configuration.dylib
0x00000000467db000 	/usr/lib/system/libsystem_coreservices.dylib
0x00000000467db000 	/usr/lib/system/libsystem_coretls.dylib
0x00000000467db000 	/usr/lib/system/libsystem_dnssd.dylib
0x00000000467db000 	/usr/lib/system/libsystem_info.dylib
0x00000000467db000 	/usr/lib/system/libsystem_kernel.dylib
0x00000000467db000 	/usr/lib/system/libsystem_m.dylib
0x00000000467db000 	/usr/lib/system/libsystem_malloc.dylib
0x00000000467db000 	/usr/lib/system/libsystem_network.dylib
0x00000000467db000 	/usr/lib/system/libsystem_networkextension.dylib
0x00000000467db000 	/usr/lib/system/libsystem_notify.dylib
0x00000000467db000 	/usr/lib/system/libsystem_platform.dylib
0x00000000467db000 	/usr/lib/system/libsystem_pthread.dylib
0x00000000467db000 	/usr/lib/system/libsystem_sandbox.dylib
0x00000000467db000 	/usr/lib/system/libsystem_secinit.dylib
0x00000000467db000 	/usr/lib/system/libsystem_symptoms.dylib
0x00000000467db000 	/usr/lib/system/libsystem_trace.dylib
0x00000000467db000 	/usr/lib/system/libunwind.dylib
0x00000000467db000 	/usr/lib/system/libxpc.dylib
0x00000000467db000 	/usr/lib/libbsm.0.dylib
0x00000000467db000 	/usr/lib/system/libkxld.dylib
0x00000000467db000 	/usr/lib/libcoretls.dylib
0x00000000467db000 	/usr/lib/libcoretls_cfhelpers.dylib
0x00000000467db000 	/usr/lib/libxar.1.dylib
0x00000000467db000 	/usr/lib/libsqlite3.dylib
0x00000000467db000 	/usr/lib/libpam.2.dylib
0x00000000467db000 	/usr/lib/libOpenScriptingUtil.dylib
0x00000000467db000 	/usr/lib/libbz2.1.0.dylib
0x00000000467db000 	/usr/lib/liblzma.5.dylib
0x00000000467db000 	/usr/lib/libnetwork.dylib
0x00000000467db000 	/usr/lib/libpcap.A.dylib
0x00000000467db000 	/System/Library/Frameworks/CoreServices.framework/Versions/A/Frameworks/FSEvents.framework/Versions/A/FSEvents
0x00000000467db000 	/System/Library/Frameworks/CoreServices.framework/Versions/A/Frameworks/CarbonCore.framework/Versions/A/CarbonCore
0x00000000467db000 	/System/Library/Frameworks/CoreServices.framework/Versions/A/Frameworks/Metadata.framework/Versions/A/Metadata
0x00000000467db000 	/System/Library/Frameworks/CoreServices.framework/Versions/A/Frameworks/OSServices.framework/Versions/A/OSServices
0x00000000467db000 	/System/Library/Frameworks/CoreServices.framework/Versions/A/Frameworks/SearchKit.framework/Versions/A/SearchKit
0x00000000467db000 	/System/Library/Frameworks/CoreServices.framework/Versions/A/Frameworks/AE.framework/Versions/A/AE
0x00000000467db000 	/System/Library/Frameworks/CoreServices.framework/Versions/A/Frameworks/LaunchServices.framework/Versions/A/LaunchServices
0x00000000467db000 	/System/Library/Frameworks/CoreServices.framework/Versions/A/Frameworks/DictionaryServices.framework/Versions/A/DictionaryServices
0x00000000467db000 	/System/Library/Frameworks/CoreServices.framework/Versions/A/Frameworks/SharedFileList.framework/Versions/A/SharedFileList
0x00000000467db000 	/System/Library/Frameworks/NetFS.framework/Versions/A/NetFS
0x00000000467db000 	/System/Library/PrivateFrameworks/NetAuth.framework/Versions/A/NetAuth
0x00000000467db000 	/System/Library/PrivateFrameworks/login.framework/Versions/A/Frameworks/loginsupport.framework/Versions/A/loginsupport
0x00000000467db000 	/System/Library/PrivateFrameworks/TCC.framework/Versions/A/TCC
0x00000000467db000 	/usr/lib/libmecabra.dylib
0x00000000467db000 	/System/Library/Frameworks/ApplicationServices.framework/Versions/A/Frameworks/ATS.framework/Versions/A/ATS
0x00000000467db000 	/System/Library/Frameworks/ApplicationServices.framework/Versions/A/Frameworks/ColorSync.framework/Versions/A/ColorSync
0x00000000467db000 	/System/Library/Frameworks/ApplicationServices.framework/Versions/A/Frameworks/HIServices.framework/Versions/A/HIServices
0x00000000467db000 	/System/Library/Frameworks/ApplicationServices.framework/Versions/A/Frameworks/LangAnalysis.framework/Versions/A/LangAnalysis
0x00000000467db000 	/System/Library/Frameworks/ApplicationServices.framework/Versions/A/Frameworks/PrintCore.framework/Versions/A/PrintCore
0x00000000467db000 	/System/Library/Frameworks/ApplicationServices.framework/Versions/A/Frameworks/QD.framework/Versions/A/QD
0x00000000467db000 	/System/Library/Frameworks/ApplicationServices.framework/Versions/A/Frameworks/SpeechSynthesis.framework/Versions/A/SpeechSynthesis
0x00000000467db000 	/System/Library/Frameworks/Accelerate.framework/Versions/A/Frameworks/vImage.framework/Versions/A/vImage
0x00000000467db000 	/System/Library/Frameworks/Accelerate.framework/Versions/A/Frameworks/vecLib.framework/Versions/A/vecLib
0x00000000467db000 	/System/Library/Frameworks/Accelerate.framework/Versions/A/Frameworks/vecLib.framework/Versions/A/libvDSP.dylib
0x00000000467db000 	/System/Library/Frameworks/Accelerate.framework/Versions/A/Frameworks/vecLib.framework/Versions/A/libBNNS.dylib
0x00000000467db000 	/System/Library/Frameworks/Accelerate.framework/Versions/A/Frameworks/vecLib.framework/Versions/A/libQuadrature.dylib
0x00000000467db000 	/System/Library/Frameworks/Accelerate.framework/Versions/A/Frameworks/vecLib.framework/Versions/A/libvMisc.dylib
0x00000000467db000 	/System/Library/Frameworks/Accelerate.framework/Versions/A/Frameworks/vecLib.framework/Versions/A/libLAPACK.dylib
0x00000000467db000 	/System/Library/Frameworks/Accelerate.framework/Versions/A/Frameworks/vecLib.framework/Versions/A/libBLAS.dylib
0x00000000467db000 	/System/Library/Frameworks/Accelerate.framework/Versions/A/Frameworks/vecLib.framework/Versions/A/libLinearAlgebra.dylib
0x00000000467db000 	/System/Library/Frameworks/Accelerate.framework/Versions/A/Frameworks/vecLib.framework/Versions/A/libSparseBLAS.dylib
0x00000000467db000 	/System/Library/Frameworks/ApplicationServices.framework/Versions/A/Frameworks/ATS.framework/Versions/A/Resources/libFontParser.dylib
0x00000000467db000 	/System/Library/Frameworks/ApplicationServices.framework/Versions/A/Frameworks/ATS.framework/Versions/A/Resources/libFontRegistry.dylib
0x00000000467db000 	/System/Library/Frameworks/ImageIO.framework/Versions/A/Resources/libJPEG.dylib
0x00000000467db000 	/System/Library/Frameworks/ImageIO.framework/Versions/A/Resources/libTIFF.dylib
0x00000000467db000 	/System/Library/Frameworks/ImageIO.framework/Versions/A/Resources/libPng.dylib
0x00000000467db000 	/System/Library/Frameworks/ImageIO.framework/Versions/A/Resources/libGIF.dylib
0x00000000467db000 	/System/Library/Frameworks/ImageIO.framework/Versions/A/Resources/libJP2.dylib
0x00000000467db000 	/System/Library/Frameworks/ImageIO.framework/Versions/A/Resources/libRadiance.dylib
0x00000000467db000 	/usr/lib/libcompression.dylib
0x00000000467db000 	/System/Library/PrivateFrameworks/AppleJPEG.framework/Versions/A/AppleJPEG
0x00000000467db000 	/usr/lib/libcups.2.dylib
0x00000000467db000 	/System/Library/Frameworks/Kerberos.framework/Versions/A/Kerberos
0x00000000467db000 	/System/Library/Frameworks/GSS.framework/Versions/A/GSS
0x00000000467db000 	/usr/lib/libresolv.9.dylib
0x00000000467db000 	/usr/lib/libiconv.2.dylib
0x00000000467db000 	/System/Library/PrivateFrameworks/Heimdal.framework/Versions/A/Heimdal
0x00000000467db000 	/usr/lib/libheimdal-asn1.dylib
0x00000000467db000 	/System/Library/Frameworks/OpenDirectory.framework/Versions/A/OpenDirectory
0x00000000467db000 	/System/Library/PrivateFrameworks/CommonAuth.framework/Versions/A/CommonAuth
0x00000000467db000 	/System/Library/Frameworks/OpenDirectory.framework/Versions/A/Frameworks/CFOpenDirectory.framework/Versions/A/CFOpenDirectory
0x00000000467db000 	/System/Library/Frameworks/SecurityFoundation.framework/Versions/A/SecurityFoundation
0x00000000467db000 	/System/Library/PrivateFrameworks/LanguageModeling.framework/Versions/A/LanguageModeling
0x00000000467db000 	/usr/lib/libmarisa.dylib
0x00000000467db000 	/usr/lib/libChineseTokenizer.dylib
0x00000000467db000 	/usr/lib/libcmph.dylib
0x00000000467db000 	/System/Library/PrivateFrameworks/CoreEmoji.framework/Versions/A/CoreEmoji
0x00000000467db000 	/System/Library/Frameworks/ServiceManagement.framework/Versions/A/ServiceManagement
0x00000000467db000 	/usr/lib/libxslt.1.dylib
0x00000000467db000 	/System/Library/Frameworks/Carbon.framework/Versions/A/Frameworks/Ink.framework/Versions/A/Ink
0x00000000467db000 	/System/Library/PrivateFrameworks/TextureIO.framework/Versions/A/TextureIO
0x00000000467db000 	/System/Library/Frameworks/Metal.framework/Versions/A/Metal
0x00000000467db000 	/usr/lib/libate.dylib
0x00000000467db000 	/System/Library/PrivateFrameworks/GPUCompiler.framework/libmetal_timestamp.dylib
0x00000000467db000 	/System/Library/Frameworks/OpenGL.framework/Versions/A/Libraries/libCoreFSCache.dylib
0x00000000467db000 	/System/Library/PrivateFrameworks/IOAccelerator.framework/Versions/A/IOAccelerator
0x00000000467db000 	/System/Library/Frameworks/CoreVideo.framework/Versions/A/CoreVideo
0x00000000467db000 	/usr/lib/libFosl_dynamic.dylib
0x00000000467db000 	/System/Library/PrivateFrameworks/MetalPerformanceShaders.framework/Versions/A/MetalPerformanceShaders
0x00000000467db000 	/System/Library/PrivateFrameworks/FaceCore.framework/Versions/A/FaceCore
0x00000000467db000 	/System/Library/Frameworks/OpenCL.framework/Versions/A/OpenCL
0x00000000467db000 	/System/Library/Frameworks/OpenGL.framework/Versions/A/Libraries/libGLU.dylib
0x00000000467db000 	/System/Library/Frameworks/OpenGL.framework/Versions/A/Libraries/libGFXShared.dylib
0x00000000467db000 	/System/Library/Frameworks/OpenGL.framework/Versions/A/Libraries/libGL.dylib
0x00000000467db000 	/System/Library/Frameworks/OpenGL.framework/Versions/A/Libraries/libGLImage.dylib
0x00000000467db000 	/System/Library/Frameworks/OpenGL.framework/Versions/A/Libraries/libCVMSPluginSupport.dylib
0x00000000467db000 	/System/Library/Frameworks/OpenGL.framework/Versions/A/Libraries/libCoreVMClient.dylib
0x00000000467db000 	/System/Library/PrivateFrameworks/CrashReporterSupport.framework/Versions/A/CrashReporterSupport
0x00000000467db000 	/System/Library/PrivateFrameworks/Sharing.framework/Versions/A/Sharing
0x00000000467db000 	/System/Library/PrivateFrameworks/IconServices.framework/Versions/A/IconServices
0x00000000467db000 	/System/Library/PrivateFrameworks/ProtocolBuffer.framework/Versions/A/ProtocolBuffer
0x00000000467db000 	/System/Library/PrivateFrameworks/Apple80211.framework/Versions/A/Apple80211
0x00000000467db000 	/System/Library/Frameworks/CoreWLAN.framework/Versions/A/CoreWLAN
0x00000000467db000 	/System/Library/PrivateFrameworks/CoreUtils.framework/Versions/A/CoreUtils
0x00000000467db000 	/System/Library/Frameworks/IOBluetooth.framework/Versions/A/IOBluetooth
0x00000000467db000 	/System/Library/PrivateFrameworks/CoreWiFi.framework/Versions/A/CoreWiFi
0x00000000467db000 	/System/Library/Frameworks/CoreBluetooth.framework/Versions/A/CoreBluetooth
0x00000000467db000 	/System/Library/Frameworks/CoreDisplay.framework/Versions/A/CoreDisplay
0x00000000467db000 	/System/Library/PrivateFrameworks/IOPresentment.framework/Versions/A/IOPresentment
0x00000000467db000 	/System/Library/PrivateFrameworks/DebugSymbols.framework/Versions/A/DebugSymbols
0x00000000467db000 	/System/Library/PrivateFrameworks/CoreSymbolication.framework/Versions/A/CoreSymbolication
0x00000000467db000 	/System/Library/PrivateFrameworks/Symbolication.framework/Versions/A/Symbolication
0x00000000467db000 	/System/Library/PrivateFrameworks/AppleFSCompression.framework/Versions/A/AppleFSCompression
0x00000000467db000 	/System/Library/PrivateFrameworks/SpeechRecognitionCore.framework/Versions/A/SpeechRecognitionCore
0x00000000467db000 	/System/Library/PrivateFrameworks/ChunkingLibrary.framework/Versions/A/ChunkingLibrary
0x0000000107a00000 	/Library/Java/JavaVirtualMachines/jdk1.8.0_121.jdk/Contents/Home/jre/lib/server/libjvm.dylib
0x00000000467db000 	/usr/lib/libstdc++.6.dylib
0x0000000106da9000 	/Library/Java/JavaVirtualMachines/jdk1.8.0_121.jdk/Contents/Home/jre/lib/libverify.dylib
0x0000000106db7000 	/Library/Java/JavaVirtualMachines/jdk1.8.0_121.jdk/Contents/Home/jre/lib/libjava.dylib
0x0000000106df5000 	/Library/Java/JavaVirtualMachines/jdk1.8.0_121.jdk/Contents/Home/jre/lib/libzip.dylib
0x000000011ba31000 	/System/Library/Frameworks/JavaVM.framework/Frameworks/JavaRuntimeSupport.framework/JavaRuntimeSupport
0x000000011ba4b000 	/System/Library/Frameworks/JavaVM.framework/Versions/A/Frameworks/JavaNativeFoundation.framework/Versions/A/JavaNativeFoundation
0x000000011ba60000 	/System/Library/Frameworks/JavaVM.framework/Versions/A/JavaVM
0x00000000467db000 	/System/Library/Frameworks/Carbon.framework/Versions/A/Carbon
0x000000011ba6d000 	/System/Library/PrivateFrameworks/JavaLaunching.framework/Versions/A/JavaLaunching
0x00000000467db000 	/System/Library/Frameworks/Carbon.framework/Versions/A/Frameworks/CommonPanels.framework/Versions/A/CommonPanels
0x00000000467db000 	/System/Library/Frameworks/Carbon.framework/Versions/A/Frameworks/Help.framework/Versions/A/Help
0x00000000467db000 	/System/Library/Frameworks/Carbon.framework/Versions/A/Frameworks/ImageCapture.framework/Versions/A/ImageCapture
0x00000000467db000 	/System/Library/Frameworks/Carbon.framework/Versions/A/Frameworks/OpenScripting.framework/Versions/A/OpenScripting
0x00000000467db000 	/System/Library/Frameworks/Carbon.framework/Versions/A/Frameworks/Print.framework/Versions/A/Print
0x00000000467db000 	/System/Library/Frameworks/Carbon.framework/Versions/A/Frameworks/SecurityHI.framework/Versions/A/SecurityHI
0x000000011d383000 	/Library/Java/JavaVirtualMachines/jdk1.8.0_121.jdk/Contents/Home/jre/lib/libnio.dylib
0x000000011d393000 	/Library/Java/JavaVirtualMachines/jdk1.8.0_121.jdk/Contents/Home/jre/lib/./libnet.dylib
0x000000011d3f2000 	/Users/gaurav/Desktop/cs770/lib/lwjgl-native/liblwjgl.dylib
0x000000011d416000 	/Users/gaurav/Desktop/cs770/lib/lwjgl-native/liblwjgl_opengl.dylib

VM Arguments:
jvm_args: -Djava.library.path=/Users/gaurav/Desktop/cs770/lib/lwjgl-native -Dfile.encoding=UTF-8 
java_command: P0
java_class_path (initial): /Users/gaurav/Desktop/cs770:/Users/gaurav/Desktop/cs770/jars/lwjgl770.jar
Launcher Type: SUN_STANDARD

Environment Variables:
PATH=/usr/bin:/bin:/usr/sbin:/sbin
SHELL=/bin/bash

Signal Handlers:
SIGSEGV: [libjvm.dylib+0x5b1141], sa_mask[0]=11111111011111110111111111111111, sa_flags=SA_ONSTACK|SA_RESTART|SA_SIGINFO
SIGBUS: [libjvm.dylib+0x5b1141], sa_mask[0]=11111111011111110111111111111111, sa_flags=SA_RESTART|SA_SIGINFO
SIGFPE: [libjvm.dylib+0x487bc4], sa_mask[0]=11111111011111110111111111111111, sa_flags=SA_RESTART|SA_SIGINFO
SIGPIPE: [libjvm.dylib+0x487bc4], sa_mask[0]=11111111011111110111111111111111, sa_flags=SA_RESTART|SA_SIGINFO
SIGXFSZ: [libjvm.dylib+0x487bc4], sa_mask[0]=11111111011111110111111111111111, sa_flags=SA_RESTART|SA_SIGINFO
SIGILL: [libjvm.dylib+0x487bc4], sa_mask[0]=11111111011111110111111111111111, sa_flags=SA_RESTART|SA_SIGINFO
SIGUSR1: SIG_DFL, sa_mask[0]=00000000000000000000000000000000, sa_flags=none
SIGUSR2: [libjvm.dylib+0x4876e2], sa_mask[0]=00100000000000000000000000000000, sa_flags=SA_RESTART|SA_SIGINFO
SIGHUP: [libjvm.dylib+0x485cb9], sa_mask[0]=11111111011111110111111111111111, sa_flags=SA_RESTART|SA_SIGINFO
SIGINT: [libjvm.dylib+0x485cb9], sa_mask[0]=11111111011111110111111111111111, sa_flags=SA_RESTART|SA_SIGINFO
SIGTERM: [libjvm.dylib+0x485cb9], sa_mask[0]=11111111011111110111111111111111, sa_flags=SA_RESTART|SA_SIGINFO
SIGQUIT: [libjvm.dylib+0x485cb9], sa_mask[0]=11111111011111110111111111111111, sa_flags=SA_RESTART|SA_SIGINFO


---------------  S Y S T E M  ---------------

OS:Bsduname:Darwin 16.4.0 Darwin Kernel Version 16.4.0: Thu Dec 22 22:53:21 PST 2016; root:xnu-3789.41.3~3/RELEASE_X86_64 x86_64
rlimit: STACK 8192k, CORE 0k, NPROC 709, NOFILE 10240, AS infinity
load average:1.33 1.29 1.37

CPU:total 4 (2 cores per cpu, 2 threads per core) family 6 model 69 stepping 1, cmov, cx8, fxsr, mmx, sse, sse2, sse3, ssse3, sse4.1, sse4.2, popcnt, avx, avx2, aes, clmul, erms, lzcnt, ht, tsc, tscinvbit, bmi1, bmi2

Memory: 4k page, physical 4194304k(330216k free)

/proc/meminfo:


vm_info: Java HotSpot(TM) 64-Bit Server VM (25.121-b13) for bsd-amd64 JRE (1.8.0_121-b13), built on Dec 12 2016 20:39:32 by "java_re" with gcc 4.2.1 (Based on Apple Inc. build 5658) (LLVM build 2336.11.00)

time: Mon Feb  6 16:36:54 2017
elapsed time: 0 seconds (0d 0h 0m 0s)

