#
# A fatal error has been detected by the Java Runtime Environment:
#
#  SIGSEGV (0xb) at pc=0x000000010815cebb, pid=2991, tid=0x0000000000000307
#
# JRE version: Java(TM) SE Runtime Environment (8.0_121-b13) (build 1.8.0_121-b13)
# Java VM: Java HotSpot(TM) 64-Bit Server VM (25.121-b13 mixed mode bsd-amd64 compressed oops)
# Problematic frame:
# C  [liblwjgl_opengl.dylib+0x11ebb]
[error occurred during error reporting (printing problematic frame), id 0xe0000000]

# Failed to write core dump. Core dumps have been disabled. To enable core dumping, try "ulimit -c unlimited" before starting Java again
#
# If you would like to submit a bug report, please visit:
#   http://bugreport.java.com/bugreport/crash.jsp
# The crash happened outside the Java Virtual Machine in native code.
# See problematic frame for where to report the bug.
#

---------------  T H R E A D  ---------------

Current thread (0x00007ffa70004000):  JavaThread "main" [_thread_in_native, id=775, stack(0x00007fff5e914000,0x00007fff5f114000)]

siginfo: si_signo: 11 (SIGSEGV), si_code: 1 (SEGV_MAPERR), si_addr: 0x0000000000000f18

Registers:
RAX=0x0000000000000000, RBX=0x0000000105100f20, RCX=0x00007ffa6e8c41fc, RDX=0x0000000000000001
RSP=0x00007fff5f110d30, RBP=0x00007fff5f110d30, RSI=0x00007fff5f110db0, RDI=0x00007ffa700041f8
R8 =0x000000010c9832a7, R9 =0x00000000fffffff0, R10=0x000000010c9399c8, R11=0x00000001018e4067
R12=0x0000000000000000, R13=0x0000000105100f20, R14=0x00007fff5f110dd0, R15=0x00007ffa70004000
RIP=0x000000010815cebb, EFLAGS=0x0000000000010212, ERR=0x0000000000000004
  TRAPNO=0x000000000000000e

Top of Stack: (sp=0x00007fff5f110d30)
0x00007fff5f110d30:   00007fff5f110da0 000000010c9399f4
0x00007fff5f110d40:   00007fff5f110da0 000000010c939779
0x00007fff5f110d50:   000000010c9459a3 000000010c939742
0x00007fff5f110d60:   00007fff5f110d60 0000000105100f20
0x00007fff5f110d70:   00007fff5f110dd0 0000000105103630
0x00007fff5f110d80:   0000000000000000 0000000105100f20
0x00007fff5f110d90:   0000000000000000 00007fff5f110dc0
0x00007fff5f110da0:   00007fff5f110e18 000000010c92a2bd
0x00007fff5f110db0:   00000007aacde1a8 000000010c933538
0x00007fff5f110dc0:   00007ffa6e8c41fc 00000007aae90500
0x00007fff5f110dd0:   0000000000000001 00007fff5f110dd8
0x00007fff5f110de0:   0000000105101074 00007fff5f110e48
0x00007fff5f110df0:   0000000105103630 0000000000000000
0x00007fff5f110e00:   00000001051010d8 00007fff5f110dc0
0x00007fff5f110e10:   00007fff5f110e50 00007fff5f110e98
0x00007fff5f110e20:   000000010c929d00 0000000000000000
0x00007fff5f110e30:   0000000000000000 00000007aae90500
0x00007fff5f110e40:   0000000000008000 00000007aae7e110
0x00007fff5f110e50:   00000007aab76f88 00007fff5f110e58
0x00007fff5f110e60:   00000001050bbce9 00007fff5f110eb0
0x00007fff5f110e70:   00000001050bc028 0000000000000000
0x00007fff5f110e80:   00000001050bbd80 00007fff5f110e50
0x00007fff5f110e90:   00007fff5f110eb0 00007fff5f110ef8
0x00007fff5f110ea0:   000000010c92a2bd 0000000000000000
0x00007fff5f110eb0:   00000007aab76f88 00007fff5f110eb8
0x00007fff5f110ec0:   00000001050ba4a7 00007fff5f110f28
0x00007fff5f110ed0:   00000001050bc490 0000000000000000
0x00007fff5f110ee0:   00000001050ba528 00007fff5f110eb0
0x00007fff5f110ef0:   00007fff5f110f28 00007fff5f110f78
0x00007fff5f110f00:   000000010c92a2bd 0000000000000006
0x00007fff5f110f10:   000000000000000c 00000007aacb95b0
0x00007fff5f110f20:   00000007aacb9588 00000007aab76f88 

Instructions: (pc=0x000000010815cebb)
0x000000010815ce9b:   48 8b 80 f0 09 00 00 89 d7 48 89 ce 5d ff e0 66
0x000000010815ceab:   0f 1f 44 00 00 55 48 89 e5 48 8b 07 48 8b 40 18
0x000000010815cebb:   48 8b 80 18 0f 00 00 89 d7 48 89 ce 5d ff e0 66
0x000000010815cecb:   0f 1f 44 00 00 55 48 89 e5 48 8b 07 48 8b 40 18 

Register to memory mapping:

RAX=0x0000000000000000 is an unknown value
RBX={method} {0x0000000105100f20} 'nglGenVertexArrays' '(IJ)V' in 'org/lwjgl/opengl/GL30'
RCX=0x00007ffa6e8c41fc is an unknown value
RDX=0x0000000000000001 is an unknown value
RSP=0x00007fff5f110d30 is pointing into the stack for thread: 0x00007ffa70004000
RBP=0x00007fff5f110d30 is pointing into the stack for thread: 0x00007ffa70004000
RSI=0x00007fff5f110db0 is pointing into the stack for thread: 0x00007ffa70004000
RDI=0x00007ffa700041f8 is an unknown value
R8 =0x000000010c9832a7 is at code_begin+7 in 
[CodeBlob (0x000000010c983250)]
Framesize: 0
BufferBlob (0x000000010c983250) used for Signature Handler Temp Buffer
R9 =0x00000000fffffff0 is an unknown value
R10=0x000000010c9399c8 is at code_begin+808 in an Interpreter codelet
method entry point (kind = native)  [0x000000010c9396a0, 0x000000010c939fa0]  2304 bytes
R11=0x00000001018e4067: throw_unsatisfied_link_error+0 in /Library/Java/JavaVirtualMachines/jdk1.8.0_121.jdk/Contents/Home/jre/lib/server/libjvm.dylib at 0x0000000101400000
R12=0x0000000000000000 is an unknown value
R13={method} {0x0000000105100f20} 'nglGenVertexArrays' '(IJ)V' in 'org/lwjgl/opengl/GL30'
R14=0x00007fff5f110dd0 is pointing into the stack for thread: 0x00007ffa70004000
R15=0x00007ffa70004000 is a thread


Stack: [0x00007fff5e914000,0x00007fff5f114000],  sp=0x00007fff5f110d30,  free space=8179k
Native frames: (J=compiled Java code, j=interpreted, Vv=VM code, C=native code)
C  [liblwjgl_opengl.dylib+0x11ebb]
[error occurred during error reporting (printing native stack), id 0xe0000000]

Java frames: (J=compiled Java code, j=interpreted, Vv=VM code)
j  org.lwjgl.opengl.GL30.nglGenVertexArrays(IJ)V+0
j  org.lwjgl.opengl.GL30.glGenVertexArrays()I+20
j  Shape2D.makeBuffers()V+1
j  Rectangle.<init>()V+159
j  SceneMaker.getShapes()Ljava/util/ArrayList;+4
j  Scene.<init>(LSceneMaker;)V+17
j  Scene.main([Ljava/lang/String;)V+12
v  ~StubRoutines::call_stub

---------------  P R O C E S S  ---------------

Java Threads: ( => current thread )
  0x00007ffa70009000 JavaThread "Service Thread" daemon [_thread_blocked, id=18435, stack(0x000070000c660000,0x000070000c760000)]
  0x00007ffa7002c000 JavaThread "C1 CompilerThread2" daemon [_thread_blocked, id=17923, stack(0x000070000c55d000,0x000070000c65d000)]
  0x00007ffa6e81f000 JavaThread "C2 CompilerThread1" daemon [_thread_in_native, id=17411, stack(0x000070000c45a000,0x000070000c55a000)]
  0x00007ffa6f849800 JavaThread "C2 CompilerThread0" daemon [_thread_blocked, id=16899, stack(0x000070000c357000,0x000070000c457000)]
  0x00007ffa6f838800 JavaThread "Signal Dispatcher" daemon [_thread_blocked, id=16387, stack(0x000070000c254000,0x000070000c354000)]
  0x00007ffa6e816000 JavaThread "Finalizer" daemon [_thread_blocked, id=12291, stack(0x000070000c151000,0x000070000c251000)]
  0x00007ffa6e813000 JavaThread "Reference Handler" daemon [_thread_blocked, id=11779, stack(0x000070000c04e000,0x000070000c14e000)]
=>0x00007ffa70004000 JavaThread "main" [_thread_in_native, id=775, stack(0x00007fff5e914000,0x00007fff5f114000)]

Other Threads:
  0x00007ffa6e80e800 VMThread [stack: 0x000070000bf4b000,0x000070000c04b000] [id=11267]
  0x00007ffa6f805000 WatcherThread [stack: 0x000070000c763000,0x000070000c863000] [id=18947]

VM state:not at safepoint (normal execution)

VM Mutex/Monitor currently owned by a thread: None

Heap:
 PSYoungGen      total 18944K, used 3954K [0x00000007aab00000, 0x00000007ac000000, 0x00000007c0000000)
  eden space 16384K, 24% used [0x00000007aab00000,0x00000007aaedca10,0x00000007abb00000)
  from space 2560K, 0% used [0x00000007abd80000,0x00000007abd80000,0x00000007ac000000)
  to   space 2560K, 0% used [0x00000007abb00000,0x00000007abb00000,0x00000007abd80000)
 ParOldGen       total 44032K, used 0K [0x0000000780000000, 0x0000000782b00000, 0x00000007aab00000)
  object space 44032K, 0% used [0x0000000780000000,0x0000000780000000,0x0000000782b00000)
 Metaspace       used 4786K, capacity 5200K, committed 5504K, reserved 1056768K
  class space    used 520K, capacity 568K, committed 640K, reserved 1048576K

Card table byte_map: [0x0000000102762000,0x0000000102963000] byte_map_base: 0x00000000feb62000

Marking Bits: (ParMarkBitMap*) 0x0000000101cf0d30
 Begin Bits: [0x0000000102ab9000, 0x0000000103ab9000)
 End Bits:   [0x0000000103ab9000, 0x0000000104ab9000)

Polling page: 0x0000000100bad000

CodeCache: size=245760Kb used=1564Kb max_used=1564Kb free=244195Kb
 bounds [0x000000010c922000, 0x000000010cb92000, 0x000000011b922000]
 total_blobs=554 nmethods=246 adapters=222
 compilation: enabled

Compilation events (10 events):
Event: 0.347 Thread 0x00007ffa7002c000 nmethod 242 0x000000010caa62d0 code [0x000000010caa6440, 0x000000010caa66c8]
Event: 0.348 Thread 0x00007ffa7002c000  243       3       java.lang.ThreadLocal::get (38 bytes)
Event: 0.348 Thread 0x00007ffa7002c000 nmethod 243 0x000000010caa6850 code [0x000000010caa69e0, 0x000000010caa6d98]
Event: 0.348 Thread 0x00007ffa7002c000  244       3       sun.net.www.ParseUtil::encodePath (336 bytes)
Event: 0.350 Thread 0x00007ffa7002c000 nmethod 244 0x000000010caa7190 code [0x000000010caa7400, 0x000000010caa83f8]
Event: 0.350 Thread 0x00007ffa7002c000  245       3       java.lang.String::equalsIgnoreCase (48 bytes)
Event: 0.350 Thread 0x00007ffa7002c000 nmethod 245 0x000000010caa8b90 code [0x000000010caa8d00, 0x000000010caa9068]
Event: 0.359 Thread 0x00007ffa7002c000  246       1       java.net.URLStreamHandler::getDefaultPort (2 bytes)
Event: 0.359 Thread 0x00007ffa7002c000 nmethod 246 0x000000010caa9190 code [0x000000010caa92e0, 0x000000010caa93f0]
Event: 0.360 Thread 0x00007ffa6e81f000  247       4       java.lang.String::replace (127 bytes)

GC Heap History (0 events):
No events

Deoptimization events (0 events):
No events

Internal exceptions (8 events):
Event: 0.051 Thread 0x00007ffa70004000 Exception <a 'java/lang/NoSuchMethodError': Method sun.misc.Unsafe.defineClass(Ljava/lang/String;[BII)Ljava/lang/Class; name or signature does not match> (0x00000007aab07ca8) thrown at [/Users/java_re/workspace/8-2-build-macosx-x86_64/jdk8u121/8372/hotspo
Event: 0.051 Thread 0x00007ffa70004000 Exception <a 'java/lang/NoSuchMethodError': Method sun.misc.Unsafe.prefetchRead(Ljava/lang/Object;J)V name or signature does not match> (0x00000007aab07f90) thrown at [/Users/java_re/workspace/8-2-build-macosx-x86_64/jdk8u121/8372/hotspot/src/share/vm/pri
Event: 0.217 Thread 0x00007ffa70004000 Exception <a 'java/security/PrivilegedActionException'> (0x00000007aac6c318) thrown at [/Users/java_re/workspace/8-2-build-macosx-x86_64/jdk8u121/8372/hotspot/src/share/vm/prims/jvm.cpp, line 1390]
Event: 0.217 Thread 0x00007ffa70004000 Exception <a 'java/security/PrivilegedActionException'> (0x00000007aac6c528) thrown at [/Users/java_re/workspace/8-2-build-macosx-x86_64/jdk8u121/8372/hotspot/src/share/vm/prims/jvm.cpp, line 1390]
Event: 0.217 Thread 0x00007ffa70004000 Exception <a 'java/security/PrivilegedActionException'> (0x00000007aac6f858) thrown at [/Users/java_re/workspace/8-2-build-macosx-x86_64/jdk8u121/8372/hotspot/src/share/vm/prims/jvm.cpp, line 1390]
Event: 0.217 Thread 0x00007ffa70004000 Exception <a 'java/security/PrivilegedActionException'> (0x00000007aac6fa68) thrown at [/Users/java_re/workspace/8-2-build-macosx-x86_64/jdk8u121/8372/hotspot/src/share/vm/prims/jvm.cpp, line 1390]
Event: 0.320 Thread 0x00007ffa70004000 Exception <a 'java/lang/NoSuchFieldError': method resolution failed> (0x00000007aadf81d0) thrown at [/Users/java_re/workspace/8-2-build-macosx-x86_64/jdk8u121/8372/hotspot/src/share/vm/prims/methodHandles.cpp, line 1146]
Event: 0.322 Thread 0x00007ffa70004000 Exception <a 'java/lang/NoSuchFieldError': method resolution failed> (0x00000007aae05738) thrown at [/Users/java_re/workspace/8-2-build-macosx-x86_64/jdk8u121/8372/hotspot/src/share/vm/prims/methodHandles.cpp, line 1146]

Events (10 events):
Event: 0.347 loading class org/lwjgl/BufferUtils
Event: 0.347 loading class org/lwjgl/BufferUtils done
Event: 0.348 loading class org/lwjgl/system/macosx/CoreFoundation
Event: 0.348 loading class org/lwjgl/system/macosx/CoreFoundation done
Event: 0.359 loading class org/lwjgl/opengl/GL$3
Event: 0.359 loading class org/lwjgl/opengl/GL$3 done
Event: 0.359 loading class org/lwjgl/opengl/GL$SharedLibraryGL
Event: 0.359 loading class org/lwjgl/opengl/GL$SharedLibraryGL done
Event: 0.360 loading class org/lwjgl/system/SharedLibrary$Delegate
Event: 0.360 loading class org/lwjgl/system/SharedLibrary$Delegate done


Dynamic libraries:
0x00000000467db000 	/System/Library/Frameworks/Cocoa.framework/Versions/A/Cocoa
0x00000000467db000 	/System/Library/Frameworks/Security.framework/Versions/A/Security
0x00000000467db000 	/System/Library/Frameworks/ApplicationServices.framework/Versions/A/ApplicationServices
0x00000000467db000 	/usr/lib/libz.1.dylib
0x00000000467db000 	/usr/lib/libSystem.B.dylib
0x00000000467db000 	/usr/lib/libobjc.A.dylib
0x00000000467db000 	/System/Library/Frameworks/CoreFoundation.framework/Versions/A/CoreFoundation
0x00000000467db000 	/System/Library/Frameworks/Foundation.framework/Versions/C/Foundation
0x00000000467db000 	/System/Library/Frameworks/AppKit.framework/Versions/C/AppKit
0x00000000467db000 	/System/Library/Frameworks/CoreData.framework/Versions/A/CoreData
0x00000000467db000 	/System/Library/PrivateFrameworks/RemoteViewServices.framework/Versions/A/RemoteViewServices
0x00000000467db000 	/System/Library/PrivateFrameworks/UIFoundation.framework/Versions/A/UIFoundation
0x00000000467db000 	/System/Library/PrivateFrameworks/DFRFoundation.framework/Versions/A/DFRFoundation
0x00000000467db000 	/usr/lib/libenergytrace.dylib
0x00000000467db000 	/System/Library/PrivateFrameworks/SkyLight.framework/Versions/A/SkyLight
0x00000000467db000 	/System/Library/Frameworks/CoreGraphics.framework/Versions/A/CoreGraphics
0x00000000467db000 	/usr/lib/libScreenReader.dylib
0x00000000467db000 	/System/Library/Frameworks/Accelerate.framework/Versions/A/Accelerate
0x00000000467db000 	/System/Library/Frameworks/IOSurface.framework/Versions/A/IOSurface
0x00000000467db000 	/System/Library/Frameworks/AudioToolbox.framework/Versions/A/AudioToolbox
0x00000000467db000 	/System/Library/Frameworks/AudioUnit.framework/Versions/A/AudioUnit
0x00000000467db000 	/System/Library/PrivateFrameworks/DataDetectorsCore.framework/Versions/A/DataDetectorsCore
0x00000000467db000 	/System/Library/PrivateFrameworks/DesktopServicesPriv.framework/Versions/A/DesktopServicesPriv
0x00000000467db000 	/System/Library/Frameworks/Carbon.framework/Versions/A/Frameworks/HIToolbox.framework/Versions/A/HIToolbox
0x00000000467db000 	/usr/lib/libicucore.A.dylib
0x00000000467db000 	/System/Library/Frameworks/QuartzCore.framework/Versions/A/QuartzCore
0x00000000467db000 	/System/Library/Frameworks/Carbon.framework/Versions/A/Frameworks/SpeechRecognition.framework/Versions/A/SpeechRecognition
0x00000000467db000 	/usr/lib/libauto.dylib
0x00000000467db000 	/usr/lib/libxml2.2.dylib
0x00000000467db000 	/System/Library/PrivateFrameworks/CoreUI.framework/Versions/A/CoreUI
0x00000000467db000 	/System/Library/Frameworks/CoreAudio.framework/Versions/A/CoreAudio
0x00000000467db000 	/System/Library/Frameworks/DiskArbitration.framework/Versions/A/DiskArbitration
0x00000000467db000 	/usr/lib/liblangid.dylib
0x00000000467db000 	/System/Library/PrivateFrameworks/MultitouchSupport.framework/Versions/A/MultitouchSupport
0x00000000467db000 	/System/Library/Frameworks/IOKit.framework/Versions/A/IOKit
0x00000000467db000 	/usr/lib/libDiagnosticMessagesClient.dylib
0x00000000467db000 	/System/Library/Frameworks/CoreServices.framework/Versions/A/CoreServices
0x00000000467db000 	/System/Library/PrivateFrameworks/PerformanceAnalysis.framework/Versions/A/PerformanceAnalysis
0x00000000467db000 	/System/Library/PrivateFrameworks/GenerationalStorage.framework/Versions/A/GenerationalStorage
0x00000000467db000 	/System/Library/Frameworks/OpenGL.framework/Versions/A/OpenGL
0x00000000467db000 	/System/Library/Frameworks/CoreImage.framework/Versions/A/CoreImage
0x00000000467db000 	/System/Library/Frameworks/CoreText.framework/Versions/A/CoreText
0x00000000467db000 	/System/Library/Frameworks/ImageIO.framework/Versions/A/ImageIO
0x00000000467db000 	/System/Library/PrivateFrameworks/Backup.framework/Versions/A/Backup
0x00000000467db000 	/usr/lib/libarchive.2.dylib
0x00000000467db000 	/System/Library/Frameworks/CFNetwork.framework/Versions/A/CFNetwork
0x00000000467db000 	/System/Library/Frameworks/SystemConfiguration.framework/Versions/A/SystemConfiguration
0x00000000467db000 	/usr/lib/libCRFSuite.dylib
0x00000000467db000 	/usr/lib/libc++.1.dylib
0x00000000467db000 	/usr/lib/libc++abi.dylib
0x00000000467db000 	/usr/lib/system/libcache.dylib
0x00000000467db000 	/usr/lib/system/libcommonCrypto.dylib
0x00000000467db000 	/usr/lib/system/libcompiler_rt.dylib
0x00000000467db000 	/usr/lib/system/libcopyfile.dylib
0x00000000467db000 	/usr/lib/system/libcorecrypto.dylib
0x00000000467db000 	/usr/lib/system/libdispatch.dylib
0x00000000467db000 	/usr/lib/system/libdyld.dylib
0x00000000467db000 	/usr/lib/system/libkeymgr.dylib
0x00000000467db000 	/usr/lib/system/liblaunch.dylib
0x00000000467db000 	/usr/lib/system/libmacho.dylib
0x00000000467db000 	/usr/lib/system/libquarantine.dylib
0x00000000467db000 	/usr/lib/system/libremovefile.dylib
0x00000000467db000 	/usr/lib/system/libsystem_asl.dylib
0x00000000467db000 	/usr/lib/system/libsystem_blocks.dylib
0x00000000467db000 	/usr/lib/system/libsystem_c.dylib
0x00000000467db000 	/usr/lib/system/libsystem_configuration.dylib
0x00000000467db000 	/usr/lib/system/libsystem_coreservices.dylib
0x00000000467db000 	/usr/lib/system/libsystem_coretls.dylib
0x00000000467db000 	/usr/lib/system/libsystem_dnssd.dylib
0x00000000467db000 	/usr/lib/system/libsystem_info.dylib
0x00000000467db000 	/usr/lib/system/libsystem_kernel.dylib
0x00000000467db000 	/usr/lib/system/libsystem_m.dylib
0x00000000467db000 	/usr/lib/system/libsystem_malloc.dylib
0x00000000467db000 	/usr/lib/system/libsystem_network.dylib
0x00000000467db000 	/usr/lib/system/libsystem_networkextension.dylib
0x00000000467db000 	/usr/lib/system/libsystem_notify.dylib
0x00000000467db000 	/usr/lib/system/libsystem_platform.dylib
0x00000000467db000 	/usr/lib/system/libsystem_pthread.dylib
0x00000000467db000 	/usr/lib/system/libsystem_sandbox.dylib
0x00000000467db000 	/usr/lib/system/libsystem_secinit.dylib
0x00000000467db000 	/usr/lib/system/libsystem_symptoms.dylib
0x00000000467db000 	/usr/lib/system/libsystem_trace.dylib
0x00000000467db000 	/usr/lib/system/libunwind.dylib
0x00000000467db000 	/usr/lib/system/libxpc.dylib
0x00000000467db000 	/usr/lib/libbsm.0.dylib
0x00000000467db000 	/usr/lib/system/libkxld.dylib
0x00000000467db000 	/usr/lib/libcoretls.dylib
0x00000000467db000 	/usr/lib/libcoretls_cfhelpers.dylib
0x00000000467db000 	/usr/lib/libxar.1.dylib
0x00000000467db000 	/usr/lib/libsqlite3.dylib
0x00000000467db000 	/usr/lib/libpam.2.dylib
0x00000000467db000 	/usr/lib/libOpenScriptingUtil.dylib
0x00000000467db000 	/usr/lib/libbz2.1.0.dylib
0x00000000467db000 	/usr/lib/liblzma.5.dylib
0x00000000467db000 	/usr/lib/libnetwork.dylib
0x00000000467db000 	/usr/lib/libpcap.A.dylib
0x00000000467db000 	/System/Library/Frameworks/CoreServices.framework/Versions/A/Frameworks/FSEvents.framework/Versions/A/FSEvents
0x00000000467db000 	/System/Library/Frameworks/CoreServices.framework/Versions/A/Frameworks/CarbonCore.framework/Versions/A/CarbonCore
0x00000000467db000 	/System/Library/Frameworks/CoreServices.framework/Versions/A/Frameworks/Metadata.framework/Versions/A/Metadata
0x00000000467db000 	/System/Library/Frameworks/CoreServices.framework/Versions/A/Frameworks/OSServices.framework/Versions/A/OSServices
0x00000000467db000 	/System/Library/Frameworks/CoreServices.framework/Versions/A/Frameworks/SearchKit.framework/Versions/A/SearchKit
0x00000000467db000 	/System/Library/Frameworks/CoreServices.framework/Versions/A/Frameworks/AE.framework/Versions/A/AE
0x00000000467db000 	/System/Library/Frameworks/CoreServices.framework/Versions/A/Frameworks/LaunchServices.framework/Versions/A/LaunchServices
0x00000000467db000 	/System/Library/Frameworks/CoreServices.framework/Versions/A/Frameworks/DictionaryServices.framework/Versions/A/DictionaryServices
0x00000000467db000 	/System/Library/Frameworks/CoreServices.framework/Versions/A/Frameworks/SharedFileList.framework/Versions/A/SharedFileList
0x00000000467db000 	/System/Library/Frameworks/NetFS.framework/Versions/A/NetFS
0x00000000467db000 	/System/Library/PrivateFrameworks/NetAuth.framework/Versions/A/NetAuth
0x00000000467db000 	/System/Library/PrivateFrameworks/login.framework/Versions/A/Frameworks/loginsupport.framework/Versions/A/loginsupport
0x00000000467db000 	/System/Library/PrivateFrameworks/TCC.framework/Versions/A/TCC
0x00000000467db000 	/usr/lib/libmecabra.dylib
0x00000000467db000 	/System/Library/Frameworks/ApplicationServices.framework/Versions/A/Frameworks/ATS.framework/Versions/A/ATS
0x00000000467db000 	/System/Library/Frameworks/ApplicationServices.framework/Versions/A/Frameworks/ColorSync.framework/Versions/A/ColorSync
0x00000000467db000 	/System/Library/Frameworks/ApplicationServices.framework/Versions/A/Frameworks/HIServices.framework/Versions/A/HIServices
0x00000000467db000 	/System/Library/Frameworks/ApplicationServices.framework/Versions/A/Frameworks/LangAnalysis.framework/Versions/A/LangAnalysis
0x00000000467db000 	/System/Library/Frameworks/ApplicationServices.framework/Versions/A/Frameworks/PrintCore.framework/Versions/A/PrintCore
0x00000000467db000 	/System/Library/Frameworks/ApplicationServices.framework/Versions/A/Frameworks/QD.framework/Versions/A/QD
0x00000000467db000 	/System/Library/Frameworks/ApplicationServices.framework/Versions/A/Frameworks/SpeechSynthesis.framework/Versions/A/SpeechSynthesis
0x00000000467db000 	/System/Library/Frameworks/Accelerate.framework/Versions/A/Frameworks/vImage.framework/Versions/A/vImage
0x00000000467db000 	/System/Library/Frameworks/Accelerate.framework/Versions/A/Frameworks/vecLib.framework/Versions/A/vecLib
0x00000000467db000 	/System/Library/Frameworks/Accelerate.framework/Versions/A/Frameworks/vecLib.framework/Versions/A/libvDSP.dylib
0x00000000467db000 	/System/Library/Frameworks/Accelerate.framework/Versions/A/Frameworks/vecLib.framework/Versions/A/libBNNS.dylib
0x00000000467db000 	/System/Library/Frameworks/Accelerate.framework/Versions/A/Frameworks/vecLib.framework/Versions/A/libQuadrature.dylib
0x00000000467db000 	/System/Library/Frameworks/Accelerate.framework/Versions/A/Frameworks/vecLib.framework/Versions/A/libvMisc.dylib
0x00000000467db000 	/System/Library/Frameworks/Accelerate.framework/Versions/A/Frameworks/vecLib.framework/Versions/A/libLAPACK.dylib
0x00000000467db000 	/System/Library/Frameworks/Accelerate.framework/Versions/A/Frameworks/vecLib.framework/Versions/A/libBLAS.dylib
0x00000000467db000 	/System/Library/Frameworks/Accelerate.framework/Versions/A/Frameworks/vecLib.framework/Versions/A/libLinearAlgebra.dylib
0x00000000467db000 	/System/Library/Frameworks/Accelerate.framework/Versions/A/Frameworks/vecLib.framework/Versions/A/libSparseBLAS.dylib
0x00000000467db000 	/System/Library/Frameworks/ApplicationServices.framework/Versions/A/Frameworks/ATS.framework/Versions/A/Resources/libFontParser.dylib
0x00000000467db000 	/System/Library/Frameworks/ApplicationServices.framework/Versions/A/Frameworks/ATS.framework/Versions/A/Resources/libFontRegistry.dylib
0x00000000467db000 	/System/Library/Frameworks/ImageIO.framework/Versions/A/Resources/libJPEG.dylib
0x00000000467db000 	/System/Library/Frameworks/ImageIO.framework/Versions/A/Resources/libTIFF.dylib
0x00000000467db000 	/System/Library/Frameworks/ImageIO.framework/Versions/A/Resources/libPng.dylib
0x00000000467db000 	/System/Library/Frameworks/ImageIO.framework/Versions/A/Resources/libGIF.dylib
0x00000000467db000 	/System/Library/Frameworks/ImageIO.framework/Versions/A/Resources/libJP2.dylib
0x00000000467db000 	/System/Library/Frameworks/ImageIO.framework/Versions/A/Resources/libRadiance.dylib
0x00000000467db000 	/usr/lib/libcompression.dylib
0x00000000467db000 	/System/Library/PrivateFrameworks/AppleJPEG.framework/Versions/A/AppleJPEG
0x00000000467db000 	/usr/lib/libcups.2.dylib
0x00000000467db000 	/System/Library/Frameworks/Kerberos.framework/Versions/A/Kerberos
0x00000000467db000 	/System/Library/Frameworks/GSS.framework/Versions/A/GSS
0x00000000467db000 	/usr/lib/libresolv.9.dylib
0x00000000467db000 	/usr/lib/libiconv.2.dylib
0x00000000467db000 	/System/Library/PrivateFrameworks/Heimdal.framework/Versions/A/Heimdal
0x00000000467db000 	/usr/lib/libheimdal-asn1.dylib
0x00000000467db000 	/System/Library/Frameworks/OpenDirectory.framework/Versions/A/OpenDirectory
0x00000000467db000 	/System/Library/PrivateFrameworks/CommonAuth.framework/Versions/A/CommonAuth
0x00000000467db000 	/System/Library/Frameworks/OpenDirectory.framework/Versions/A/Frameworks/CFOpenDirectory.framework/Versions/A/CFOpenDirectory
0x00000000467db000 	/System/Library/Frameworks/SecurityFoundation.framework/Versions/A/SecurityFoundation
0x00000000467db000 	/System/Library/PrivateFrameworks/LanguageModeling.framework/Versions/A/LanguageModeling
0x00000000467db000 	/usr/lib/libmarisa.dylib
0x00000000467db000 	/usr/lib/libChineseTokenizer.dylib
0x00000000467db000 	/usr/lib/libcmph.dylib
0x00000000467db000 	/System/Library/PrivateFrameworks/CoreEmoji.framework/Versions/A/CoreEmoji
0x00000000467db000 	/System/Library/Frameworks/ServiceManagement.framework/Versions/A/ServiceManagement
0x00000000467db000 	/usr/lib/libxslt.1.dylib
0x00000000467db000 	/System/Library/Frameworks/Carbon.framework/Versions/A/Frameworks/Ink.framework/Versions/A/Ink
0x00000000467db000 	/System/Library/PrivateFrameworks/TextureIO.framework/Versions/A/TextureIO
0x00000000467db000 	/System/Library/Frameworks/Metal.framework/Versions/A/Metal
0x00000000467db000 	/usr/lib/libate.dylib
0x00000000467db000 	/System/Library/PrivateFrameworks/GPUCompiler.framework/libmetal_timestamp.dylib
0x00000000467db000 	/System/Library/Frameworks/OpenGL.framework/Versions/A/Libraries/libCoreFSCache.dylib
0x00000000467db000 	/System/Library/PrivateFrameworks/IOAccelerator.framework/Versions/A/IOAccelerator
0x00000000467db000 	/System/Library/Frameworks/CoreVideo.framework/Versions/A/CoreVideo
0x00000000467db000 	/usr/lib/libFosl_dynamic.dylib
0x00000000467db000 	/System/Library/PrivateFrameworks/MetalPerformanceShaders.framework/Versions/A/MetalPerformanceShaders
0x00000000467db000 	/System/Library/PrivateFrameworks/FaceCore.framework/Versions/A/FaceCore
0x00000000467db000 	/System/Library/Frameworks/OpenCL.framework/Versions/A/OpenCL
0x00000000467db000 	/System/Library/Frameworks/OpenGL.framework/Versions/A/Libraries/libGLU.dylib
0x00000000467db000 	/System/Library/Frameworks/OpenGL.framework/Versions/A/Libraries/libGFXShared.dylib
0x00000000467db000 	/System/Library/Frameworks/OpenGL.framework/Versions/A/Libraries/libGL.dylib
0x00000000467db000 	/System/Library/Frameworks/OpenGL.framework/Versions/A/Libraries/libGLImage.dylib
0x00000000467db000 	/System/Library/Frameworks/OpenGL.framework/Versions/A/Libraries/libCVMSPluginSupport.dylib
0x00000000467db000 	/System/Library/Frameworks/OpenGL.framework/Versions/A/Libraries/libCoreVMClient.dylib
0x00000000467db000 	/System/Library/PrivateFrameworks/CrashReporterSupport.framework/Versions/A/CrashReporterSupport
0x00000000467db000 	/System/Library/PrivateFrameworks/Sharing.framework/Versions/A/Sharing
0x00000000467db000 	/System/Library/PrivateFrameworks/IconServices.framework/Versions/A/IconServices
0x00000000467db000 	/System/Library/PrivateFrameworks/ProtocolBuffer.framework/Versions/A/ProtocolBuffer
0x00000000467db000 	/System/Library/PrivateFrameworks/Apple80211.framework/Versions/A/Apple80211
0x00000000467db000 	/System/Library/Frameworks/CoreWLAN.framework/Versions/A/CoreWLAN
0x00000000467db000 	/System/Library/PrivateFrameworks/CoreUtils.framework/Versions/A/CoreUtils
0x00000000467db000 	/System/Library/Frameworks/IOBluetooth.framework/Versions/A/IOBluetooth
0x00000000467db000 	/System/Library/PrivateFrameworks/CoreWiFi.framework/Versions/A/CoreWiFi
0x00000000467db000 	/System/Library/Frameworks/CoreBluetooth.framework/Versions/A/CoreBluetooth
0x00000000467db000 	/System/Library/Frameworks/CoreDisplay.framework/Versions/A/CoreDisplay
0x00000000467db000 	/System/Library/PrivateFrameworks/IOPresentment.framework/Versions/A/IOPresentment
0x00000000467db000 	/System/Library/PrivateFrameworks/DebugSymbols.framework/Versions/A/DebugSymbols
0x00000000467db000 	/System/Library/PrivateFrameworks/CoreSymbolication.framework/Versions/A/CoreSymbolication
0x00000000467db000 	/System/Library/PrivateFrameworks/Symbolication.framework/Versions/A/Symbolication
0x00000000467db000 	/System/Library/PrivateFrameworks/AppleFSCompression.framework/Versions/A/AppleFSCompression
0x00000000467db000 	/System/Library/PrivateFrameworks/SpeechRecognitionCore.framework/Versions/A/SpeechRecognitionCore
0x00000000467db000 	/System/Library/PrivateFrameworks/ChunkingLibrary.framework/Versions/A/ChunkingLibrary
0x0000000101400000 	/Library/Java/JavaVirtualMachines/jdk1.8.0_121.jdk/Contents/Home/jre/lib/server/libjvm.dylib
0x00000000467db000 	/usr/lib/libstdc++.6.dylib
0x0000000100b6a000 	/Library/Java/JavaVirtualMachines/jdk1.8.0_121.jdk/Contents/Home/jre/lib/libverify.dylib
0x0000000100b78000 	/Library/Java/JavaVirtualMachines/jdk1.8.0_121.jdk/Contents/Home/jre/lib/libjava.dylib
0x0000000100bb6000 	/Library/Java/JavaVirtualMachines/jdk1.8.0_121.jdk/Contents/Home/jre/lib/libzip.dylib
0x0000000106760000 	/System/Library/Frameworks/JavaVM.framework/Frameworks/JavaRuntimeSupport.framework/JavaRuntimeSupport
0x000000010677a000 	/System/Library/Frameworks/JavaVM.framework/Versions/A/Frameworks/JavaNativeFoundation.framework/Versions/A/JavaNativeFoundation
0x000000010678f000 	/System/Library/Frameworks/JavaVM.framework/Versions/A/JavaVM
0x00000000467db000 	/System/Library/Frameworks/Carbon.framework/Versions/A/Carbon
0x000000010679c000 	/System/Library/PrivateFrameworks/JavaLaunching.framework/Versions/A/JavaLaunching
0x00000000467db000 	/System/Library/Frameworks/Carbon.framework/Versions/A/Frameworks/CommonPanels.framework/Versions/A/CommonPanels
0x00000000467db000 	/System/Library/Frameworks/Carbon.framework/Versions/A/Frameworks/Help.framework/Versions/A/Help
0x00000000467db000 	/System/Library/Frameworks/Carbon.framework/Versions/A/Frameworks/ImageCapture.framework/Versions/A/ImageCapture
0x00000000467db000 	/System/Library/Frameworks/Carbon.framework/Versions/A/Frameworks/OpenScripting.framework/Versions/A/OpenScripting
0x00000000467db000 	/System/Library/Frameworks/Carbon.framework/Versions/A/Frameworks/Print.framework/Versions/A/Print
0x00000000467db000 	/System/Library/Frameworks/Carbon.framework/Versions/A/Frameworks/SecurityHI.framework/Versions/A/SecurityHI
0x00000001080b8000 	/Library/Java/JavaVirtualMachines/jdk1.8.0_121.jdk/Contents/Home/jre/lib/libnio.dylib
0x00000001080c8000 	/Library/Java/JavaVirtualMachines/jdk1.8.0_121.jdk/Contents/Home/jre/lib/./libnet.dylib
0x0000000108127000 	/Users/gaurav/Desktop/cs770/lib/lwjgl-native/liblwjgl.dylib
0x000000010814b000 	/Users/gaurav/Desktop/cs770/lib/lwjgl-native/liblwjgl_opengl.dylib

VM Arguments:
jvm_args: -Djava.library.path=/Users/gaurav/Desktop/cs770/lib/lwjgl-native -Dfile.encoding=UTF-8 
java_command: Scene
java_class_path (initial): /Users/gaurav/Desktop/cs770:/Users/gaurav/Desktop/cs770/jars/lwjgl770.jar
Launcher Type: SUN_STANDARD

Environment Variables:
PATH=/usr/bin:/bin:/usr/sbin:/sbin
SHELL=/bin/bash

Signal Handlers:
SIGSEGV: [libjvm.dylib+0x5b1141], sa_mask[0]=11111111011111110111111111111111, sa_flags=SA_ONSTACK|SA_RESTART|SA_SIGINFO
SIGBUS: [libjvm.dylib+0x5b1141], sa_mask[0]=11111111011111110111111111111111, sa_flags=SA_RESTART|SA_SIGINFO
SIGFPE: [libjvm.dylib+0x487bc4], sa_mask[0]=11111111011111110111111111111111, sa_flags=SA_RESTART|SA_SIGINFO
SIGPIPE: [libjvm.dylib+0x487bc4], sa_mask[0]=11111111011111110111111111111111, sa_flags=SA_RESTART|SA_SIGINFO
SIGXFSZ: [libjvm.dylib+0x487bc4], sa_mask[0]=11111111011111110111111111111111, sa_flags=SA_RESTART|SA_SIGINFO
SIGILL: [libjvm.dylib+0x487bc4], sa_mask[0]=11111111011111110111111111111111, sa_flags=SA_RESTART|SA_SIGINFO
SIGUSR1: SIG_DFL, sa_mask[0]=00000000000000000000000000000000, sa_flags=none
SIGUSR2: [libjvm.dylib+0x4876e2], sa_mask[0]=00100000000000000000000000000000, sa_flags=SA_RESTART|SA_SIGINFO
SIGHUP: [libjvm.dylib+0x485cb9], sa_mask[0]=11111111011111110111111111111111, sa_flags=SA_RESTART|SA_SIGINFO
SIGINT: [libjvm.dylib+0x485cb9], sa_mask[0]=11111111011111110111111111111111, sa_flags=SA_RESTART|SA_SIGINFO
SIGTERM: [libjvm.dylib+0x485cb9], sa_mask[0]=11111111011111110111111111111111, sa_flags=SA_RESTART|SA_SIGINFO
SIGQUIT: [libjvm.dylib+0x485cb9], sa_mask[0]=11111111011111110111111111111111, sa_flags=SA_RESTART|SA_SIGINFO


---------------  S Y S T E M  ---------------

OS:Bsduname:Darwin 16.4.0 Darwin Kernel Version 16.4.0: Thu Dec 22 22:53:21 PST 2016; root:xnu-3789.41.3~3/RELEASE_X86_64 x86_64
rlimit: STACK 8192k, CORE 0k, NPROC 709, NOFILE 10240, AS infinity
load average:1.05 1.28 1.40

CPU:total 4 (2 cores per cpu, 2 threads per core) family 6 model 69 stepping 1, cmov, cx8, fxsr, mmx, sse, sse2, sse3, ssse3, sse4.1, sse4.2, popcnt, avx, avx2, aes, clmul, erms, lzcnt, ht, tsc, tscinvbit, bmi1, bmi2

Memory: 4k page, physical 4194304k(48796k free)

/proc/meminfo:


vm_info: Java HotSpot(TM) 64-Bit Server VM (25.121-b13) for bsd-amd64 JRE (1.8.0_121-b13), built on Dec 12 2016 20:39:32 by "java_re" with gcc 4.2.1 (Based on Apple Inc. build 5658) (LLVM build 2336.11.00)

time: Mon Feb  6 14:59:53 2017
elapsed time: 0 seconds (0d 0h 0m 0s)

